# Preference setting overrides
gui_create_pref_key -category {Globals} -key {load_detail_for_funcov} -value_type {bool} -value {false}

# State setting overrides
gui_state_default_create -off -ini
gui_set_state_value -category Layout -key child_console_size_x -value 1365
gui_set_state_value -category Layout -key child_console_size_y -value 179
gui_set_state_value -category Layout -key child_data_size_x -value 174
gui_set_state_value -category Layout -key child_data_size_y -value 297
gui_set_state_value -category Layout -key child_hier_col3 -value {-1}
gui_set_state_value -category Layout -key child_hier_colpd -value 0
gui_set_state_value -category Layout -key child_hier_size_x -value 174
gui_set_state_value -category Layout -key child_hier_size_y -value 297
gui_set_state_value -category Layout -key child_source_docknewline -value false
gui_set_state_value -category Layout -key child_source_pos_x -value {-2}
gui_set_state_value -category Layout -key child_source_pos_y -value {-15}
gui_set_state_value -category Layout -key child_source_size_x -value 1020
gui_set_state_value -category Layout -key child_source_size_y -value 292
gui_set_state_value -category Layout -key child_wave_colname -value 196
gui_set_state_value -category Layout -key child_wave_colvalue -value 195
gui_set_state_value -category Layout -key child_wave_left -value 395
gui_set_state_value -category Layout -key child_wave_right -value 965
gui_set_state_value -category Layout -key main_pos_x -value 6
gui_set_state_value -category Layout -key main_pos_y -value 56
gui_set_state_value -category Layout -key main_size_x -value 1371
gui_set_state_value -category Layout -key main_size_y -value 631
gui_set_state_value -category Layout -key stand_wave_child_docknewline -value false
gui_set_state_value -category Layout -key stand_wave_child_pos_x -value {-2}
gui_set_state_value -category Layout -key stand_wave_child_pos_y -value {-15}
gui_set_state_value -category Layout -key stand_wave_child_size_x -value 1370
gui_set_state_value -category Layout -key stand_wave_child_size_y -value 471
gui_set_state_value -category Layout -key stand_wave_top_pos_x -value 374
gui_set_state_value -category Layout -key stand_wave_top_pos_y -value 96
gui_set_state_value -category Layout -key stand_wave_top_size_x -value 1739
gui_set_state_value -category Layout -key stand_wave_top_size_y -value 671
gui_create_state_key -category FindDialog -key m_pMatchCase -value_type bool -value false
gui_create_state_key -category FindDialog -key m_pMatchWord -value_type bool -value false
gui_create_state_key -category FindDialog -key m_pUseCombo -value_type string -value {}
gui_create_state_key -category FindDialog -key m_pWrapAround -value_type bool -value true
gui_state_default_create -off

# Begin command logging
gui_sim_run Ucli -exe ./simv -args {-ucligui  } -dir .
gui_list_expand -id  Hier.1   testbench
gui_list_expand -id  Hier.1   testbench.mnp1
gui_list_select -id Data.1 -selected  { {testbench.Rd0[7:0]}   }
gui_list_select -id Data.1 -selected  { {testbench.Rd0[7:0]}  {testbench.Rd1[7:0]}   }
gui_list_select -id Data.1 -selected  { {testbench.Rd0[7:0]}  {testbench.Rd1[7:0]}  {testbench.Ra0[3:0]}   }
gui_list_select -id Data.1 -selected  { {testbench.Rd0[7:0]}  {testbench.Rd1[7:0]}  {testbench.Ra0[3:0]}  {testbench.Ra1[3:0]}   }
gui_list_select -id Data.1 -selected  { {testbench.Rd0[7:0]}  {testbench.Rd1[7:0]}  {testbench.Ra0[3:0]}  {testbench.Ra1[3:0]}  {testbench.Wa[3:0]}   }
gui_list_select -id Data.1 -selected  { {testbench.Rd0[7:0]}  {testbench.Rd1[7:0]}  {testbench.Ra0[3:0]}  {testbench.Ra1[3:0]}  {testbench.Wa[3:0]}  testbench.We   }
gui_list_select -id Data.1 -selected  { {testbench.Rd0[7:0]}  {testbench.Rd1[7:0]}  {testbench.Ra0[3:0]}  {testbench.Ra1[3:0]}  {testbench.Wa[3:0]}  testbench.We  testbench.CLK   }
gui_list_select -id Data.1 -selected  { {testbench.Rd0[7:0]}  {testbench.Rd1[7:0]}  {testbench.Ra0[3:0]}  {testbench.Ra1[3:0]}  {testbench.Wa[3:0]}  testbench.We  testbench.CLK  {testbench.Wd[7:0]}   }
gui_open_window Wave
gui_list_add -id Wave.1 -from Data.1 { {testbench.Rd0[7:0]} {testbench.Rd1[7:0]} {testbench.Ra0[3:0]} {testbench.Ra1[3:0]} {testbench.Wa[3:0]} testbench.We testbench.CLK {testbench.Wd[7:0]} } -insertionbar
gui_list_select -id Hier.1 -current_item_name testbench.mnp1.R5 -current_item_type Scope  -selected  { testbench.mnp1.R5   }
gui_list_collapse -id  Hier.1   testbench
gui_list_expand -id  Hier.1   testbench
gui_list_select -id Hier.1 -current_item_name testbench.mnp1 -current_item_type Scope  -selected  { testbench.mnp1   }
gui_list_select -id Data.1 -selected  { {testbench.mnp1.posw[7:0]}   }
gui_list_add -id Wave.1 -from Data.1 { {testbench.mnp1.posw[7:0]} } -insertionbar
gui_sim_continue  
gui_zoom -window Wave.1 -full
gui_close_window -window TopLevel.2
