# Preference setting overrides
gui_create_pref_key -category {Globals} -key {load_detail_for_funcov} -value_type {bool} -value {false}

# State setting overrides
gui_state_default_create -off -ini
gui_set_state_value -category Layout -key child_console_size_x -value 1341
gui_set_state_value -category Layout -key child_console_size_y -value 156
gui_set_state_value -category Layout -key child_data_size_x -value 151
gui_set_state_value -category Layout -key child_data_size_y -value 295
gui_set_state_value -category Layout -key child_hier_col3 -value {-1}
gui_set_state_value -category Layout -key child_hier_colpd -value 0
gui_set_state_value -category Layout -key child_hier_size_x -value 151
gui_set_state_value -category Layout -key child_hier_size_y -value 295
gui_set_state_value -category Layout -key child_source_docknewline -value false
gui_set_state_value -category Layout -key child_source_pos_x -value {-2}
gui_set_state_value -category Layout -key child_source_pos_y -value {-15}
gui_set_state_value -category Layout -key child_source_size_x -value 1042
gui_set_state_value -category Layout -key child_source_size_y -value 290
gui_set_state_value -category Layout -key child_wave_colname -value 195
gui_set_state_value -category Layout -key child_wave_colvalue -value 195
gui_set_state_value -category Layout -key child_wave_left -value 395
gui_set_state_value -category Layout -key child_wave_right -value 965
gui_set_state_value -category Layout -key main_pos_x -value 23
gui_set_state_value -category Layout -key main_pos_y -value 78
gui_set_state_value -category Layout -key main_size_x -value 1364
gui_set_state_value -category Layout -key main_size_y -value 628
gui_set_state_value -category Layout -key stand_wave_child_docknewline -value false
gui_set_state_value -category Layout -key stand_wave_child_pos_x -value {-2}
gui_set_state_value -category Layout -key stand_wave_child_pos_y -value {-15}
gui_set_state_value -category Layout -key stand_wave_child_size_x -value 1370
gui_set_state_value -category Layout -key stand_wave_child_size_y -value 471
gui_set_state_value -category Layout -key stand_wave_top_pos_x -value 81
gui_set_state_value -category Layout -key stand_wave_top_pos_y -value 78
gui_set_state_value -category Layout -key stand_wave_top_size_x -value 1446
gui_set_state_value -category Layout -key stand_wave_top_size_y -value 653
gui_create_state_key -category FindDialog -key m_pMatchCase -value_type bool -value false
gui_create_state_key -category FindDialog -key m_pMatchWord -value_type bool -value false
gui_create_state_key -category FindDialog -key m_pUseCombo -value_type string -value {}
gui_create_state_key -category FindDialog -key m_pWrapAround -value_type bool -value true
gui_state_default_create -off

# Begin command logging
gui_sim_run Ucli -exe ./simv -args {-ucligui  } -dir .
gui_list_select -id Data.1 -selected  { testbench.carry   }
gui_list_select -id Data.1 -selected  { testbench.carry  {testbench.dout[7:0]}   }
gui_list_select -id Data.1 -selected  { testbench.carry  {testbench.dout[7:0]}  {testbench.din[7:0]}   }
gui_list_select -id Data.1 -selected  { testbench.carry  {testbench.dout[7:0]}  {testbench.din[7:0]}  testbench.up   }
gui_list_select -id Data.1 -selected  { testbench.carry  {testbench.dout[7:0]}  {testbench.din[7:0]}  testbench.up  testbench.rst   }
gui_list_select -id Data.1 -selected  { testbench.carry  {testbench.dout[7:0]}  {testbench.din[7:0]}  testbench.up  testbench.rst  testbench.clk   }
gui_list_select -id Data.1 -selected  { testbench.carry  {testbench.dout[7:0]}  {testbench.din[7:0]}  testbench.up  testbench.rst  testbench.clk  testbench.enb   }
gui_list_select -id Data.1 -selected  { testbench.carry  {testbench.dout[7:0]}  {testbench.din[7:0]}  testbench.up  testbench.rst  testbench.clk  testbench.enb  testbench.load   }
gui_list_select -id Data.1 -selected  { testbench.carry  {testbench.dout[7:0]}  {testbench.din[7:0]}  testbench.up  testbench.rst  testbench.clk  testbench.enb  testbench.load  testbench.rdb   }
gui_open_window Wave
gui_list_add -id Wave.1 -from Data.1 { testbench.carry {testbench.dout[7:0]} {testbench.din[7:0]} testbench.up testbench.rst testbench.clk testbench.enb testbench.load testbench.rdb } -insertionbar
gui_sim_continue  
gui_zoom -window Wave.1 -full
gui_close_window -window TopLevel.2
