# Preference setting overrides
gui_create_pref_key -category {Globals} -key {load_detail_for_funcov} -value_type {bool} -value {false}

# State setting overrides
gui_state_default_create -off -ini
gui_set_state_value -category Globals -key recent_sessions -value {{gui_load_session -ignore_errors -file /DCNFS/users/student/kmujtaba/elen127/labs/lab6/session2.inter.vpd.tcl -ignore_errors} {gui_load_session -ignore_errors -file /DCNFS/users/student/kmujtaba/elen127/labs/lab6/session2.inter.vpd.tcl} {gui_load_session -ignore_errors -file /DCNFS/users/student/kmujtaba/elen127/labs/lab6/session.inter.vpd.tcl -ignore_errors} {gui_load_session -ignore_errors -file /DCNFS/users/student/kmujtaba/elen127/labs/lab6/session.inter.vpd.tcl}}
gui_set_state_value -category Layout -key child_console_size_x -value 1359
gui_set_state_value -category Layout -key child_console_size_y -value 175
gui_set_state_value -category Layout -key child_data_size_x -value 132
gui_set_state_value -category Layout -key child_data_size_y -value 510
gui_set_state_value -category Layout -key child_driver_size_x -value 957
gui_set_state_value -category Layout -key child_driver_size_y -value 179
gui_set_state_value -category Layout -key child_hier_col3 -value {-1}
gui_set_state_value -category Layout -key child_hier_colpd -value 0
gui_set_state_value -category Layout -key child_hier_size_x -value 132
gui_set_state_value -category Layout -key child_hier_size_y -value 510
gui_set_state_value -category Layout -key child_source_docknewline -value false
gui_set_state_value -category Layout -key child_source_pos_x -value {-2}
gui_set_state_value -category Layout -key child_source_pos_y -value {-15}
gui_set_state_value -category Layout -key child_source_size_x -value 1098
gui_set_state_value -category Layout -key child_source_size_y -value 505
gui_set_state_value -category Layout -key child_watch_size_x -value 448
gui_set_state_value -category Layout -key child_watch_size_y -value 179
gui_set_state_value -category Layout -key child_wave_colname -value 187
gui_set_state_value -category Layout -key child_wave_colvalue -value 187
gui_set_state_value -category Layout -key child_wave_left -value 378
gui_set_state_value -category Layout -key child_wave_right -value 920
gui_set_state_value -category Layout -key main_pos_y -value 60
gui_set_state_value -category Layout -key main_size_x -value 1364
gui_set_state_value -category Layout -key main_size_y -value 677
gui_set_state_value -category Layout -key stand_source_child_docknewline -value false
gui_set_state_value -category Layout -key stand_source_child_pos_x -value {-2}
gui_set_state_value -category Layout -key stand_source_child_pos_y -value {-15}
gui_set_state_value -category Layout -key stand_source_child_size_x -value 503
gui_set_state_value -category Layout -key stand_source_child_size_y -value 185
gui_set_state_value -category Layout -key stand_source_top_pos_x -value 552
gui_set_state_value -category Layout -key stand_source_top_pos_y -value 279
gui_set_state_value -category Layout -key stand_source_top_size_y -value 677
gui_set_state_value -category Layout -key stand_wave_child_docknewline -value false
gui_set_state_value -category Layout -key stand_wave_child_pos_x -value {-2}
gui_set_state_value -category Layout -key stand_wave_child_pos_y -value {-15}
gui_set_state_value -category Layout -key stand_wave_child_size_x -value 1308
gui_set_state_value -category Layout -key stand_wave_child_size_y -value 507
gui_set_state_value -category Layout -key stand_wave_top_pos_x -value 61
gui_set_state_value -category Layout -key stand_wave_top_pos_y -value 87
gui_set_state_value -category Layout -key stand_wave_top_size_x -value 1364
gui_set_state_value -category Layout -key stand_wave_top_size_y -value 706
gui_set_state_value -category SaveSession -key single_view_name -value Wave.1
gui_set_state_value -category SaveSession -key toplevel_window_name -value TopLevel.2
gui_create_state_key -category FindDialog -key m_pMatchCase -value_type bool -value false
gui_create_state_key -category FindDialog -key m_pMatchWord -value_type bool -value false
gui_create_state_key -category FindDialog -key m_pUseCombo -value_type string -value {}
gui_create_state_key -category FindDialog -key m_pWrapAround -value_type bool -value true
gui_state_default_create -off

# Begin command logging
gui_sim_run Ucli -exe ./simv -args {-ucligui  } -dir .
set DIALOGS::LOADFILEDIR [file dirname /DCNFS/users/student/kmujtaba/elen127/labs/lab6/session2.inter.vpd.tcl]; gui_load_session -ignore_errors -file /DCNFS/users/student/kmujtaba/elen127/labs/lab6/session2.inter.vpd.tcl
gui_sim_continue  
gui_zoom -window Wave.1 -full
gui_sim_continue  
gui_zoom -window Wave.1 -full
gui_wv_zoom_timerange -id  Wave.1 171 393
gui_marker_move -id  Wave.1 C1 330
gui_marker_move -id  Wave.1 C1 325
gui_marker_move -id  Wave.1 C1 329
gui_marker_move -id  Wave.1 C1 324
gui_wv_scroll_hslidermove -id  Wave.1 654
gui_close_window -window TopLevel.3
