16:25:18    16 -->                                                             [tcl] ucliGUI::connect -toolargs -ucligui -toolexe ./simv -pid 411 -toolin /tmp/vcs_20231103232515_410_kmujtaba..stdin -toolout /tmp/vcs_20231103232515_410_kmujtaba..stdout  
16:25:18    17 -->                                                                 [tcl] set ucliGUI::state
16:25:18    18 -->                                                                     [tcl] gui_update_simulator_buttons
16:25:19    19 -->                                                                         [tcl] set ucliGUI::state
16:25:19    20 -->                                                                             [tcl] ucliCore::getToolPID
16:25:19    21 -->                                                                                 [tcl] synopsys::env hasTB
16:25:19    22 -->                                                                                     [tcl] trigger_hier_stack_context_switch 0
16:25:19    23 -->                                                                                         [tcl] synUtils::setDVEInitPhase 1
16:25:19    24 -->                                                                                             [tcl] gui_get_env SIMSETUP::SIMVPD
16:25:19    25 --> ...  [tcl] synopsys::dump -type VPD -file /DCNFS/users/student/kmujtaba/elen127/exam2/prob1/inter.vpd -locking
16:25:19    26 --> ...      [tcl] synopsys::dump -autoflush on -fid VPD0
16:25:19    27 --> ...          [tcl] set ::dve_fid VPD0
16:25:19    28 --> ...              [tcl] synUtils::setDVEInitPhase 0
16:25:19    29 --> ...                  [tcl] ucliCore::getToolPID
16:25:19    30 --> ...                      [tcl] synUtils::sendTool -active _icl_setToolSocket /tmp/smlnpbUoFVF
16:25:19    31 --> ...                          [tcl] synUtils::sendTool -active {_icl_start_rpc -version "P-2019.06-SP2-1_Full64" -sync_file /tmp/vcs_dve_rpc.kmujtaba.411}
16:25:19    32 --> ...                              [tcl] synUtils::sendTool -active {_icl_createSharedMemory /tmp/vcs_dve_general.kmujtaba.411}
16:25:19    33 --> ...                                  [tcl] dveMisc::vbusExpand testbench
16:25:19    34 --> ...                                      [tcl] config endofsim noexit
16:25:19    35 --> ...                                          [tcl] config onfail enable all
16:25:19    36 --> ...                                              [tcl] config syscaddplainmembers
16:25:19    37 --> ...                                                  [tcl] config syscaddsourcenames
16:25:19    38 --> ...                                                      [tcl] config syscaddstructtypes
16:25:19    39 --> ...                                                          [tcl] synopsys::listing -disable
16:25:25    40 --> ...                                                              [tcl] synopsys::dump -add {testbench.CLKin testbench.CLKout testbench.RST } -aggregates  -fid VPD0
16:25:28    41 --> ...                                                                  [tcl] synopsys::run
16:25:28    42 --> ...                                                                      [tcl] set ucliGUI::state
16:25:28    43 --> ...                                                                          [tcl] gui_update_simulator_buttons
16:25:28    44 --> ...                                                                              [tcl] set ucliGUI::state
16:25:28    45 --> ...                                                                                  [tcl] set ucliGUI::state
16:25:28    46 --> ...                                                                                      [tcl] set ucliGUI::state
16:25:28    47 --> ...                                                                                          [tcl] catch {senv activeDomain} dveMisc::result 
16:25:28    48 --> ...                                                                                              [tcl] set dveMisc::result
16:25:28    49 --> ...                                                                                                  [tcl] gui_update_simulator_buttons
16:26:39    50 --> ...  [tcl] if [catch {gui_sim_terminate}] {gui_sim_terminate -kill}
16:26:39    51 --> ...      [tcl] synopsys::finish
16:26:39    52 --> ...          [tcl] set ucliGUI::state
16:26:39    53 --> ...              [tcl] gui_update_simulator_buttons
16:26:39    54 --> ...                  [tcl] set ucliGUI::state
16:26:39    55 --> ...                      [tcl] catch {senv activeDomain} dveMisc::result 
16:26:39    56 --> ...                          [tcl] set dveMisc::result
16:26:39    57 --> ...                              [tcl] gui_update_simulator_buttons
16:26:39    58 --> ...                                  [tcl] catch {senv activeDomain} dveMisc::result 
16:26:39    59 --> ...                                      [tcl] set dveMisc::result
16:26:39    60 --> ...                                          [tcl] ucli_exit
