# Preference setting overrides
gui_create_pref_key -category {Globals} -key {load_detail_for_funcov} -value_type {bool} -value {false}

# State setting overrides
gui_state_default_create -off -ini
gui_set_state_value -category Layout -key child_console_size_x -value 1343
gui_set_state_value -category Layout -key child_console_size_y -value 158
gui_set_state_value -category Layout -key child_data_size_x -value 153
gui_set_state_value -category Layout -key child_data_size_y -value 295
gui_set_state_value -category Layout -key child_hier_col3 -value {-1}
gui_set_state_value -category Layout -key child_hier_colpd -value 0
gui_set_state_value -category Layout -key child_hier_size_x -value 153
gui_set_state_value -category Layout -key child_hier_size_y -value 295
gui_set_state_value -category Layout -key child_source_docknewline -value false
gui_set_state_value -category Layout -key child_source_pos_x -value {-2}
gui_set_state_value -category Layout -key child_source_pos_y -value {-15}
gui_set_state_value -category Layout -key child_source_size_x -value 1040
gui_set_state_value -category Layout -key child_source_size_y -value 290
gui_set_state_value -category Layout -key child_wave_colname -value 110
gui_set_state_value -category Layout -key child_wave_colvalue -value 41
gui_set_state_value -category Layout -key child_wave_left -value 155
gui_set_state_value -category Layout -key child_wave_right -value 765
gui_set_state_value -category Layout -key main_pos_x -value 21
gui_set_state_value -category Layout -key main_pos_y -value 76
gui_set_state_value -category Layout -key main_size_x -value 1364
gui_set_state_value -category Layout -key main_size_y -value 628
gui_set_state_value -category Layout -key stand_wave_child_docknewline -value false
gui_set_state_value -category Layout -key stand_wave_child_pos_x -value {-2}
gui_set_state_value -category Layout -key stand_wave_child_pos_y -value {-15}
gui_set_state_value -category Layout -key stand_wave_child_size_x -value 930
gui_set_state_value -category Layout -key stand_wave_child_size_y -value 424
gui_set_state_value -category Layout -key stand_wave_top_pos_x -value 79
gui_set_state_value -category Layout -key stand_wave_top_pos_y -value 76
gui_set_state_value -category Layout -key stand_wave_top_size_x -value 1004
gui_set_state_value -category Layout -key stand_wave_top_size_y -value 628
gui_create_state_key -category FindDialog -key m_pMatchCase -value_type bool -value false
gui_create_state_key -category FindDialog -key m_pMatchWord -value_type bool -value false
gui_create_state_key -category FindDialog -key m_pUseCombo -value_type string -value {}
gui_create_state_key -category FindDialog -key m_pWrapAround -value_type bool -value true
gui_state_default_create -off

# Begin command logging
gui_sim_run Ucli -exe ./simv -args {-ucligui  } -dir .
gui_list_select -id Data.1 -selected  { testbench.CLKout   }
gui_list_select -id Data.1 -selected  { testbench.CLKout  testbench.CLKin   }
gui_list_select -id Data.1 -selected  { testbench.CLKout  testbench.CLKin  testbench.RST   }
gui_open_window Wave
gui_list_add -id Wave.1 -from Data.1 { testbench.CLKout testbench.CLKin testbench.RST } -insertionbar
gui_sim_continue  
gui_zoom -window Wave.1 -full
gui_close_window -window TopLevel.2
